[2026-07-20 20:07:08] production.ERROR: Call to undefined function str_slug() {"exception":"[object] (Error(code: 0): Call to undefined function str_slug() at C:/Users/johnnerrycamarig/OneDrive/Desktop/core1/backend/laravel/config/session.php:13)
[stacktrace]
#0 C:/Users/johnnerrycamarig/OneDrive/Desktop/core1/backend/laravel/vendor/laravel/framework/src/Illuminate/Foundation/Bootstrap/LoadConfiguration.php(115): require()
#1 C:/Users/johnnerrycamarig/OneDrive/Desktop/core1/backend/laravel/vendor/laravel/framework/src/Illuminate/Foundation/Bootstrap/LoadConfiguration.php(115): Illuminate/Foundation/Bootstrap/LoadConfiguration->{closure:Illuminate/Foundation/Bootstrap/LoadConfiguration::loadConfigurationFile():115}()
#2 C:/Users/johnnerrycamarig/OneDrive/Desktop/core1/backend/laravel/vendor/laravel/framework/src/Illuminate/Foundation/Bootstrap/LoadConfiguration.php(96): Illuminate/Foundation/Bootstrap/LoadConfiguration->loadConfigurationFile(Object(Illuminate/Config/Repository), 'session', 'C://Users//johnne...', Array)
#3 C:/Users/johnnerrycamarig/OneDrive/Desktop/core1/backend/laravel/vendor/laravel/framework/src/Illuminate/Foundation/Bootstrap/LoadConfiguration.php(55): Illuminate/Foundation/Bootstrap/LoadConfiguration->loadConfigurationFiles(Object(Illuminate/Foundation/Application), Object(Illuminate/Config/Repository))
#4 C:/Users/johnnerrycamarig/OneDrive/Desktop/core1/backend/laravel/vendor/laravel/framework/src/Illuminate/Foundation/Application.php(342): Illuminate/Foundation/Bootstrap/LoadConfiguration->bootstrap(Object(Illuminate/Foundation/Application))
#5 C:/Users/johnnerrycamarig/OneDrive/Desktop/core1/backend/laravel/vendor/laravel/framework/src/Illuminate/Foundation/Console/Kernel.php(494): Illuminate/Foundation/Application->bootstrapWith(Array)
#6 C:/Users/johnnerrycamarig/OneDrive/Desktop/core1/backend/laravel/vendor/laravel/framework/src/Illuminate/Foundation/Console/Kernel.php(196): Illuminate/Foundation/Console/Kernel->bootstrap()
#7 C:/Users/johnnerrycamarig/OneDrive/Desktop/core1/backend/laravel/artisan(14): Illuminate/Foundation/Console/Kernel->handle(Object(Symfony/Component/Console/Input/ArgvInput), Object(Symfony/Component/Console/Output/ConsoleOutput))
#8 {main}
"} 
[2026-07-20 20:07:35] local.ERROR: The C:\Users\johnnerrycamarig\OneDrive\Desktop\core1\backend\laravel\bootstrap\cache directory must be present and writable. {"exception":"[object] (Exception(code: 0): The C:\\Users\\johnnerrycamarig\\OneDrive\\Desktop\\core1\\backend\\laravel\\bootstrap\\cache directory must be present and writable. at C:/Users/johnnerrycamarig/OneDrive/Desktop/core1/backend/laravel/vendor/laravel/framework/src/Illuminate/Foundation/PackageManifest.php:179)
[stacktrace]
#0 C:/Users/johnnerrycamarig/OneDrive/Desktop/core1/backend/laravel/vendor/laravel/framework/src/Illuminate/Foundation/PackageManifest.php(132): Illuminate/Foundation/PackageManifest->write(Array)
#1 C:/Users/johnnerrycamarig/OneDrive/Desktop/core1/backend/laravel/vendor/laravel/framework/src/Illuminate/Foundation/PackageManifest.php(108): Illuminate/Foundation/PackageManifest->build()
#2 C:/Users/johnnerrycamarig/OneDrive/Desktop/core1/backend/laravel/vendor/laravel/framework/src/Illuminate/Foundation/PackageManifest.php(90): Illuminate/Foundation/PackageManifest->getManifest()
#3 C:/Users/johnnerrycamarig/OneDrive/Desktop/core1/backend/laravel/vendor/laravel/framework/src/Illuminate/Foundation/PackageManifest.php(79): Illuminate/Foundation/PackageManifest->config('aliases')
#4 C:/Users/johnnerrycamarig/OneDrive/Desktop/core1/backend/laravel/vendor/laravel/framework/src/Illuminate/Foundation/Bootstrap/RegisterFacades.php(26): Illuminate/Foundation/PackageManifest->aliases()
#5 C:/Users/johnnerrycamarig/OneDrive/Desktop/core1/backend/laravel/vendor/laravel/framework/src/Illuminate/Foundation/Application.php(342): Illuminate/Foundation/Bootstrap/RegisterFacades->bootstrap(Object(Illuminate/Foundation/Application))
#6 C:/Users/johnnerrycamarig/OneDrive/Desktop/core1/backend/laravel/vendor/laravel/framework/src/Illuminate/Foundation/Console/Kernel.php(494): Illuminate/Foundation/Application->bootstrapWith(Array)
#7 C:/Users/johnnerrycamarig/OneDrive/Desktop/core1/backend/laravel/vendor/laravel/framework/src/Illuminate/Foundation/Console/Kernel.php(196): Illuminate/Foundation/Console/Kernel->bootstrap()
#8 C:/Users/johnnerrycamarig/OneDrive/Desktop/core1/backend/laravel/artisan(14): Illuminate/Foundation/Console/Kernel->handle(Object(Symfony/Component/Console/Input/ArgvInput), Object(Symfony/Component/Console/Output/ConsoleOutput))
#9 {main}
"} 
[2026-07-20 20:08:36] local.ERROR: The C:\Users\johnnerrycamarig\OneDrive\Desktop\core1\backend\laravel\bootstrap\cache directory must be present and writable. {"exception":"[object] (Exception(code: 0): The C:\\Users\\johnnerrycamarig\\OneDrive\\Desktop\\core1\\backend\\laravel\\bootstrap\\cache directory must be present and writable. at C:/Users/johnnerrycamarig/OneDrive/Desktop/core1/backend/laravel/vendor/laravel/framework/src/Illuminate/Foundation/PackageManifest.php:179)
[stacktrace]
#0 C:/Users/johnnerrycamarig/OneDrive/Desktop/core1/backend/laravel/vendor/laravel/framework/src/Illuminate/Foundation/PackageManifest.php(132): Illuminate/Foundation/PackageManifest->write(Array)
#1 C:/Users/johnnerrycamarig/OneDrive/Desktop/core1/backend/laravel/vendor/laravel/framework/src/Illuminate/Foundation/PackageManifest.php(108): Illuminate/Foundation/PackageManifest->build()
#2 C:/Users/johnnerrycamarig/OneDrive/Desktop/core1/backend/laravel/vendor/laravel/framework/src/Illuminate/Foundation/PackageManifest.php(90): Illuminate/Foundation/PackageManifest->getManifest()
#3 C:/Users/johnnerrycamarig/OneDrive/Desktop/core1/backend/laravel/vendor/laravel/framework/src/Illuminate/Foundation/PackageManifest.php(79): Illuminate/Foundation/PackageManifest->config('aliases')
#4 C:/Users/johnnerrycamarig/OneDrive/Desktop/core1/backend/laravel/vendor/laravel/framework/src/Illuminate/Foundation/Bootstrap/RegisterFacades.php(26): Illuminate/Foundation/PackageManifest->aliases()
#5 C:/Users/johnnerrycamarig/OneDrive/Desktop/core1/backend/laravel/vendor/laravel/framework/src/Illuminate/Foundation/Application.php(342): Illuminate/Foundation/Bootstrap/RegisterFacades->bootstrap(Object(Illuminate/Foundation/Application))
#6 C:/Users/johnnerrycamarig/OneDrive/Desktop/core1/backend/laravel/vendor/laravel/framework/src/Illuminate/Foundation/Console/Kernel.php(494): Illuminate/Foundation/Application->bootstrapWith(Array)
#7 C:/Users/johnnerrycamarig/OneDrive/Desktop/core1/backend/laravel/vendor/laravel/framework/src/Illuminate/Foundation/Console/Kernel.php(196): Illuminate/Foundation/Console/Kernel->bootstrap()
#8 C:/Users/johnnerrycamarig/OneDrive/Desktop/core1/backend/laravel/artisan(14): Illuminate/Foundation/Console/Kernel->handle(Object(Symfony/Component/Console/Input/ArgvInput), Object(Symfony/Component/Console/Output/ConsoleOutput))
#9 {main}
"} 
[2026-07-20 20:19:34] local.ERROR: Call to undefined function Illuminate\Support\mb_split() {"exception":"[object] (Error(code: 0): Call to undefined function Illuminate\\Support\\mb_split() at C:/Users/johnnerrycamarig/OneDrive/Desktop/core1/backend/laravel/vendor/laravel/framework/src/Illuminate/Support/Str.php:1722)
[stacktrace]
#0 C:/Users/johnnerrycamarig/OneDrive/Desktop/core1/backend/laravel/vendor/laravel/framework/src/Illuminate/Support/Manager.php(98): Illuminate/Support/Str::studly('file')
#1 C:/Users/johnnerrycamarig/OneDrive/Desktop/core1/backend/laravel/vendor/laravel/framework/src/Illuminate/Support/Manager.php(78): Illuminate/Support/Manager->createDriver('file')
#2 C:/Users/johnnerrycamarig/OneDrive/Desktop/core1/backend/laravel/vendor/laravel/framework/src/Illuminate/Foundation/Providers/FoundationServiceProvider.php(293): Illuminate/Support/Manager->driver()
#3 C:/Users/johnnerrycamarig/OneDrive/Desktop/core1/backend/laravel/vendor/laravel/framework/src/Illuminate/Container/Container.php(1115): Illuminate/Foundation/Providers/FoundationServiceProvider->{closure:Illuminate/Foundation/Providers/FoundationServiceProvider::registerMaintenanceModeManager():293}(Object(Illuminate/Foundation/Application), Array)
#4 C:/Users/johnnerrycamarig/OneDrive/Desktop/core1/backend/laravel/vendor/laravel/framework/src/Illuminate/Container/Container.php(933): Illuminate/Container/Container->build(Object(Closure))
#5 C:/Users/johnnerrycamarig/OneDrive/Desktop/core1/backend/laravel/vendor/laravel/framework/src/Illuminate/Foundation/Application.php(1078): Illuminate/Container/Container->resolve('Illuminate//Cont...', Array, true)
#6 C:/Users/johnnerrycamarig/OneDrive/Desktop/core1/backend/laravel/vendor/laravel/framework/src/Illuminate/Container/Container.php(864): Illuminate/Foundation/Application->resolve('Illuminate//Cont...', Array)
#7 C:/Users/johnnerrycamarig/OneDrive/Desktop/core1/backend/laravel/vendor/laravel/framework/src/Illuminate/Foundation/Application.php(1058): Illuminate/Container/Container->make('Illuminate//Cont...', Array)
#8 C:/Users/johnnerrycamarig/OneDrive/Desktop/core1/backend/laravel/vendor/laravel/framework/src/Illuminate/Foundation/Application.php(1410): Illuminate/Foundation/Application->make('Illuminate//Cont...')
#9 C:/Users/johnnerrycamarig/OneDrive/Desktop/core1/backend/laravel/vendor/laravel/framework/src/Illuminate/Foundation/Application.php(1420): Illuminate/Foundation/Application->maintenanceMode()
#10 C:/Users/johnnerrycamarig/OneDrive/Desktop/core1/backend/laravel/vendor/laravel/framework/src/Illuminate/Foundation/Console/AboutCommand.php(177): Illuminate/Foundation/Application->isDownForMaintenance()
#11 C:/Users/johnnerrycamarig/OneDrive/Desktop/core1/backend/laravel/vendor/laravel/framework/src/Illuminate/Container/BoundMethod.php(36): Illuminate/Foundation/Console/AboutCommand->{closure:Illuminate/Foundation/Console/AboutCommand::gatherApplicationInformation():169}()
#12 C:/Users/johnnerrycamarig/OneDrive/Desktop/core1/backend/laravel/vendor/laravel/framework/src/Illuminate/Container/Util.php(43): Illuminate/Container/BoundMethod::{closure:Illuminate/Container/BoundMethod::call():35}()
#13 C:/Users/johnnerrycamarig/OneDrive/Desktop/core1/backend/laravel/vendor/laravel/framework/src/Illuminate/Container/BoundMethod.php(84): Illuminate/Container/Util::unwrapIfClosure(Object(Closure))
#14 C:/Users/johnnerrycamarig/OneDrive/Desktop/core1/backend/laravel/vendor/laravel/framework/src/Illuminate/Container/BoundMethod.php(35): Illuminate/Container/BoundMethod::callBoundMethod(Object(Illuminate/Foundation/Application), Object(Closure), Object(Closure))
#15 C:/Users/johnnerrycamarig/OneDrive/Desktop/core1/backend/laravel/vendor/laravel/framework/src/Illuminate/Container/Container.php(799): Illuminate/Container/BoundMethod::call(Object(Illuminate/Foundation/Application), Object(Closure), Array, NULL)
#16 C:/Users/johnnerrycamarig/OneDrive/Desktop/core1/backend/laravel/vendor/laravel/framework/src/Illuminate/Foundation/Console/AboutCommand.php(84): Illuminate/Container/Container->call(Object(Closure))
#17 [internal function]: Illuminate/Foundation/Console/AboutCommand->{closure:{closure:Illuminate/Foundation/Console/AboutCommand::handle():74}:75}(Object(Closure), 0)
#18 C:/Users/johnnerrycamarig/OneDrive/Desktop/core1/backend/laravel/vendor/laravel/framework/src/Illuminate/Collections/Arr.php(841): array_map(Object(Closure), Array, Array)
#19 C:/Users/johnnerrycamarig/OneDrive/Desktop/core1/backend/laravel/vendor/laravel/framework/src/Illuminate/Collections/Collection.php(829): Illuminate/Support/Arr::map(Array, Object(Closure))
#20 C:/Users/johnnerrycamarig/OneDrive/Desktop/core1/backend/laravel/vendor/laravel/framework/src/Illuminate/Foundation/Console/AboutCommand.php(75): Illuminate/Support/Collection->map(Object(Closure))
#21 [internal function]: Illuminate/Foundation/Console/AboutCommand->{closure:Illuminate/Foundation/Console/AboutCommand::handle():74}(Array, 'Environment')
#22 C:/Users/johnnerrycamarig/OneDrive/Desktop/core1/backend/laravel/vendor/laravel/framework/src/Illuminate/Collections/Arr.php(841): array_map(Object(Closure), Array, Array)
#23 C:/Users/johnnerrycamarig/OneDrive/Desktop/core1/backend/laravel/vendor/laravel/framework/src/Illuminate/Collections/Collection.php(829): Illuminate/Support/Arr::map(Array, Object(Closure))
#24 C:/Users/johnnerrycamarig/OneDrive/Desktop/core1/backend/laravel/vendor/laravel/framework/src/Illuminate/Foundation/Console/AboutCommand.php(74): Illuminate/Support/Collection->map(Object(Closure))
#25 C:/Users/johnnerrycamarig/OneDrive/Desktop/core1/backend/laravel/vendor/laravel/framework/src/Illuminate/Container/BoundMethod.php(36): Illuminate/Foundation/Console/AboutCommand->handle()
#26 C:/Users/johnnerrycamarig/OneDrive/Desktop/core1/backend/laravel/vendor/laravel/framework/src/Illuminate/Container/Util.php(43): Illuminate/Container/BoundMethod::{closure:Illuminate/Container/BoundMethod::call():35}()
#27 C:/Users/johnnerrycamarig/OneDrive/Desktop/core1/backend/laravel/vendor/laravel/framework/src/Illuminate/Container/BoundMethod.php(96): Illuminate/Container/Util::unwrapIfClosure(Object(Closure))
#28 C:/Users/johnnerrycamarig/OneDrive/Desktop/core1/backend/laravel/vendor/laravel/framework/src/Illuminate/Container/BoundMethod.php(35): Illuminate/Container/BoundMethod::callBoundMethod(Object(Illuminate/Foundation/Application), Array, Object(Closure))
#29 C:/Users/johnnerrycamarig/OneDrive/Desktop/core1/backend/laravel/vendor/laravel/framework/src/Illuminate/Container/Container.php(799): Illuminate/Container/BoundMethod::call(Object(Illuminate/Foundation/Application), Array, Array, NULL)
#30 C:/Users/johnnerrycamarig/OneDrive/Desktop/core1/backend/laravel/vendor/laravel/framework/src/Illuminate/Console/Command.php(211): Illuminate/Container/Container->call(Array)
#31 C:/Users/johnnerrycamarig/OneDrive/Desktop/core1/backend/laravel/vendor/symfony/console/Command/Command.php(341): Illuminate/Console/Command->execute(Object(Symfony/Component/Console/Input/ArgvInput), Object(Illuminate/Console/OutputStyle))
#32 C:/Users/johnnerrycamarig/OneDrive/Desktop/core1/backend/laravel/vendor/laravel/framework/src/Illuminate/Console/Command.php(180): Symfony/Component/Console/Command/Command->run(Object(Symfony/Component/Console/Input/ArgvInput), Object(Illuminate/Console/OutputStyle))
#33 C:/Users/johnnerrycamarig/OneDrive/Desktop/core1/backend/laravel/vendor/symfony/console/Application.php(1117): Illuminate/Console/Command->run(Object(Symfony/Component/Console/Input/ArgvInput), Object(Symfony/Component/Console/Output/ConsoleOutput))
#34 C:/Users/johnnerrycamarig/OneDrive/Desktop/core1/backend/laravel/vendor/symfony/console/Application.php(356): Symfony/Component/Console/Application->doRunCommand(Object(Illuminate/Foundation/Console/AboutCommand), Object(Symfony/Component/Console/Input/ArgvInput), Object(Symfony/Component/Console/Output/ConsoleOutput))
#35 C:/Users/johnnerrycamarig/OneDrive/Desktop/core1/backend/laravel/vendor/symfony/console/Application.php(195): Symfony/Component/Console/Application->doRun(Object(Symfony/Component/Console/Input/ArgvInput), Object(Symfony/Component/Console/Output/ConsoleOutput))
#36 C:/Users/johnnerrycamarig/OneDrive/Desktop/core1/backend/laravel/vendor/laravel/framework/src/Illuminate/Foundation/Console/Kernel.php(198): Symfony/Component/Console/Application->run(Object(Symfony/Component/Console/Input/ArgvInput), Object(Symfony/Component/Console/Output/ConsoleOutput))
#37 C:/Users/johnnerrycamarig/OneDrive/Desktop/core1/backend/laravel/artisan(14): Illuminate/Foundation/Console/Kernel->handle(Object(Symfony/Component/Console/Input/ArgvInput), Object(Symfony/Component/Console/Output/ConsoleOutput))
#38 {main}
"} 
[2026-07-20 21:23:06] local.ERROR: Class "Illuminate\Foundation\Http\Middleware\TrustHosts" not found {"exception":"[object] (Error(code: 0): Class \"Illuminate\\Foundation\\Http\\Middleware\\TrustHosts\" not found at C:/Users/johnnerrycamarig/OneDrive/Desktop/core1/backend/laravel/app/Http/Middleware/TrustHosts.php:7)
[stacktrace]
#0 C:/Users/johnnerrycamarig/OneDrive/Desktop/core1/backend/laravel/vendor/composer/ClassLoader.php(576): include()
#1 C:/Users/johnnerrycamarig/OneDrive/Desktop/core1/backend/laravel/vendor/composer/ClassLoader.php(427): {closure:Composer/Autoload/ClassLoader::initializeIncludeClosure():575}('C://Users//johnne...')
#2 [internal function]: Composer/Autoload/ClassLoader->loadClass('App//Http//Middle...')
#3 C:/Users/johnnerrycamarig/OneDrive/Desktop/core1/backend/laravel/vendor/laravel/framework/src/Illuminate/Container/Container.php(1000): ReflectionClass->__construct('App//Http//Middle...')
#4 C:/Users/johnnerrycamarig/OneDrive/Desktop/core1/backend/laravel/vendor/laravel/framework/src/Illuminate/Container/Container.php(986): Illuminate/Container/Container->getConcreteBindingFromAttributes('App//Http//Middle...')
#5 C:/Users/johnnerrycamarig/OneDrive/Desktop/core1/backend/laravel/vendor/laravel/framework/src/Illuminate/Container/Container.php(926): Illuminate/Container/Container->getConcrete('App//Http//Middle...')
#6 C:/Users/johnnerrycamarig/OneDrive/Desktop/core1/backend/laravel/vendor/laravel/framework/src/Illuminate/Foundation/Application.php(1078): Illuminate/Container/Container->resolve('App//Http//Middle...', Array, true)
#7 C:/Users/johnnerrycamarig/OneDrive/Desktop/core1/backend/laravel/vendor/laravel/framework/src/Illuminate/Container/Container.php(864): Illuminate/Foundation/Application->resolve('App//Http//Middle...', Array)
#8 C:/Users/johnnerrycamarig/OneDrive/Desktop/core1/backend/laravel/vendor/laravel/framework/src/Illuminate/Foundation/Application.php(1058): Illuminate/Container/Container->make('App//Http//Middle...', Array)
#9 C:/Users/johnnerrycamarig/OneDrive/Desktop/core1/backend/laravel/vendor/laravel/framework/src/Illuminate/Pipeline/Pipeline.php(208): Illuminate/Foundation/Application->make('App//Http//Middle...')
#10 C:/Users/johnnerrycamarig/OneDrive/Desktop/core1/backend/laravel/vendor/laravel/framework/src/Illuminate/Pipeline/Pipeline.php(137): Illuminate/Pipeline/Pipeline->{closure:{closure:Illuminate/Pipeline/Pipeline::carry():194}:195}(Object(Illuminate/Http/Request))
#11 C:/Users/johnnerrycamarig/OneDrive/Desktop/core1/backend/laravel/vendor/laravel/framework/src/Illuminate/Foundation/Http/Kernel.php(175): Illuminate/Pipeline/Pipeline->then(Object(Closure))
#12 C:/Users/johnnerrycamarig/OneDrive/Desktop/core1/backend/laravel/vendor/laravel/framework/src/Illuminate/Foundation/Http/Kernel.php(144): Illuminate/Foundation/Http/Kernel->sendRequestThroughRouter(Object(Illuminate/Http/Request))
#13 C:/Users/johnnerrycamarig/OneDrive/Desktop/core1/backend/laravel/public/index.php(11): Illuminate/Foundation/Http/Kernel->handle(Object(Illuminate/Http/Request))
#14 C:/Users/johnnerrycamarig/OneDrive/Desktop/core1/backend/laravel/vendor/laravel/framework/src/Illuminate/Foundation/resources/server.php(23): require_once('C://Users//johnne...')
#15 {main}
"} 
[2026-07-20 21:23:13] local.ERROR: Call to undefined function Illuminate\Support\mb_split() {"exception":"[object] (Error(code: 0): Call to undefined function Illuminate\\Support\\mb_split() at C:/Users/johnnerrycamarig/OneDrive/Desktop/core1/backend/laravel/vendor/laravel/framework/src/Illuminate/Support/Str.php:1722)
[stacktrace]
#0 C:/Users/johnnerrycamarig/OneDrive/Desktop/core1/backend/laravel/vendor/laravel/framework/src/Illuminate/Support/Manager.php(98): Illuminate/Support/Str::studly('file')
#1 C:/Users/johnnerrycamarig/OneDrive/Desktop/core1/backend/laravel/vendor/laravel/framework/src/Illuminate/Support/Manager.php(78): Illuminate/Support/Manager->createDriver('file')
#2 C:/Users/johnnerrycamarig/OneDrive/Desktop/core1/backend/laravel/vendor/laravel/framework/src/Illuminate/Session/SessionServiceProvider.php(52): Illuminate/Support/Manager->driver()
#3 C:/Users/johnnerrycamarig/OneDrive/Desktop/core1/backend/laravel/vendor/laravel/framework/src/Illuminate/Container/Container.php(1115): Illuminate/Session/SessionServiceProvider->{closure:Illuminate/Session/SessionServiceProvider::registerSessionDriver():48}(Object(Illuminate/Foundation/Application), Array)
#4 C:/Users/johnnerrycamarig/OneDrive/Desktop/core1/backend/laravel/vendor/laravel/framework/src/Illuminate/Container/Container.php(933): Illuminate/Container/Container->build(Object(Closure))
#5 C:/Users/johnnerrycamarig/OneDrive/Desktop/core1/backend/laravel/vendor/laravel/framework/src/Illuminate/Foundation/Application.php(1078): Illuminate/Container/Container->resolve('session.store', Array, true)
#6 C:/Users/johnnerrycamarig/OneDrive/Desktop/core1/backend/laravel/vendor/laravel/framework/src/Illuminate/Container/Container.php(864): Illuminate/Foundation/Application->resolve('session.store', Array)
#7 C:/Users/johnnerrycamarig/OneDrive/Desktop/core1/backend/laravel/vendor/laravel/framework/src/Illuminate/Foundation/Application.php(1058): Illuminate/Container/Container->make('session.store', Array)
#8 C:/Users/johnnerrycamarig/OneDrive/Desktop/core1/backend/laravel/vendor/laravel/framework/src/Illuminate/Container/Container.php(1805): Illuminate/Foundation/Application->make('session.store')
#9 C:/Users/johnnerrycamarig/OneDrive/Desktop/core1/backend/laravel/vendor/laravel/framework/src/Illuminate/Routing/RoutingServiceProvider.php(121): Illuminate/Container/Container->offsetGet('session.store')
#10 C:/Users/johnnerrycamarig/OneDrive/Desktop/core1/backend/laravel/vendor/laravel/framework/src/Illuminate/Container/Container.php(1115): Illuminate/Routing/RoutingServiceProvider->{closure:Illuminate/Routing/RoutingServiceProvider::registerRedirector():114}(Object(Illuminate/Foundation/Application), Array)
#11 C:/Users/johnnerrycamarig/OneDrive/Desktop/core1/backend/laravel/vendor/laravel/framework/src/Illuminate/Container/Container.php(933): Illuminate/Container/Container->build(Object(Closure))
#12 C:/Users/johnnerrycamarig/OneDrive/Desktop/core1/backend/laravel/vendor/laravel/framework/src/Illuminate/Foundation/Application.php(1078): Illuminate/Container/Container->resolve('redirect', Array, true)
#13 C:/Users/johnnerrycamarig/OneDrive/Desktop/core1/backend/laravel/vendor/laravel/framework/src/Illuminate/Container/Container.php(864): Illuminate/Foundation/Application->resolve('redirect', Array)
#14 C:/Users/johnnerrycamarig/OneDrive/Desktop/core1/backend/laravel/vendor/laravel/framework/src/Illuminate/Foundation/Application.php(1058): Illuminate/Container/Container->make('redirect', Array)
#15 C:/Users/johnnerrycamarig/OneDrive/Desktop/core1/backend/laravel/vendor/laravel/framework/src/Illuminate/Container/Container.php(1805): Illuminate/Foundation/Application->make('redirect')
#16 C:/Users/johnnerrycamarig/OneDrive/Desktop/core1/backend/laravel/vendor/laravel/framework/src/Illuminate/Routing/RoutingServiceProvider.php(177): Illuminate/Container/Container->offsetGet('redirect')
#17 C:/Users/johnnerrycamarig/OneDrive/Desktop/core1/backend/laravel/vendor/laravel/framework/src/Illuminate/Container/Container.php(1115): Illuminate/Routing/RoutingServiceProvider->{closure:Illuminate/Routing/RoutingServiceProvider::registerResponseFactory():176}(Object(Illuminate/Foundation/Application), Array)
#18 C:/Users/johnnerrycamarig/OneDrive/Desktop/core1/backend/laravel/vendor/laravel/framework/src/Illuminate/Container/Container.php(933): Illuminate/Container/Container->build(Object(Closure))
#19 C:/Users/johnnerrycamarig/OneDrive/Desktop/core1/backend/laravel/vendor/laravel/framework/src/Illuminate/Foundation/Application.php(1078): Illuminate/Container/Container->resolve('Illuminate//Cont...', Array, true)
#20 C:/Users/johnnerrycamarig/OneDrive/Desktop/core1/backend/laravel/vendor/laravel/framework/src/Illuminate/Container/Container.php(864): Illuminate/Foundation/Application->resolve('Illuminate//Cont...', Array)
#21 C:/Users/johnnerrycamarig/OneDrive/Desktop/core1/backend/laravel/vendor/laravel/framework/src/Illuminate/Foundation/Application.php(1058): Illuminate/Container/Container->make('Illuminate//Cont...', Array)
#22 C:/Users/johnnerrycamarig/OneDrive/Desktop/core1/backend/laravel/vendor/laravel/framework/src/Illuminate/Foundation/helpers.php(138): Illuminate/Foundation/Application->make('Illuminate//Cont...', Array)
#23 C:/Users/johnnerrycamarig/OneDrive/Desktop/core1/backend/laravel/vendor/laravel/framework/src/Illuminate/Foundation/helpers.php(850): app('Illuminate//Cont...')
#24 C:/Users/johnnerrycamarig/OneDrive/Desktop/core1/backend/laravel/vendor/laravel/framework/src/Illuminate/Foundation/Exceptions/Handler.php(987): response('<!-- Call to un...', 500, Array)
#25 C:/Users/johnnerrycamarig/OneDrive/Desktop/core1/backend/laravel/vendor/laravel/framework/src/Illuminate/Foundation/Exceptions/Handler.php(839): Illuminate/Foundation/Exceptions/Handler->toIlluminateResponse(Object(Symfony/Component/HttpFoundation/Response), Object(Error))
#26 C:/Users/johnnerrycamarig/OneDrive/Desktop/core1/backend/laravel/vendor/laravel/framework/src/Illuminate/Foundation/Exceptions/Handler.php(738): Illuminate/Foundation/Exceptions/Handler->prepareResponse(Object(Illuminate/Http/Request), Object(Error))
#27 C:/Users/johnnerrycamarig/OneDrive/Desktop/core1/backend/laravel/vendor/laravel/framework/src/Illuminate/Foundation/Exceptions/Handler.php(626): Illuminate/Foundation/Exceptions/Handler->renderExceptionResponse(Object(Illuminate/Http/Request), Object(Error))
#28 C:/Users/johnnerrycamarig/OneDrive/Desktop/core1/backend/laravel/vendor/laravel/framework/src/Illuminate/Routing/Pipeline.php(51): Illuminate/Foundation/Exceptions/Handler->render(Object(Illuminate/Http/Request), Object(Error))
#29 C:/Users/johnnerrycamarig/OneDrive/Desktop/core1/backend/laravel/vendor/laravel/framework/src/Illuminate/Pipeline/Pipeline.php(224): Illuminate/Routing/Pipeline->handleException(Object(Illuminate/Http/Request), Object(Error))
#30 C:/Users/johnnerrycamarig/OneDrive/Desktop/core1/backend/laravel/vendor/laravel/framework/src/Illuminate/Pipeline/Pipeline.php(137): Illuminate/Pipeline/Pipeline->{closure:{closure:Illuminate/Pipeline/Pipeline::carry():194}:195}(Object(Illuminate/Http/Request))
#31 C:/Users/johnnerrycamarig/OneDrive/Desktop/core1/backend/laravel/vendor/laravel/framework/src/Illuminate/Foundation/Http/Kernel.php(175): Illuminate/Pipeline/Pipeline->then(Object(Closure))
#32 C:/Users/johnnerrycamarig/OneDrive/Desktop/core1/backend/laravel/vendor/laravel/framework/src/Illuminate/Foundation/Http/Kernel.php(144): Illuminate/Foundation/Http/Kernel->sendRequestThroughRouter(Object(Illuminate/Http/Request))
#33 C:/Users/johnnerrycamarig/OneDrive/Desktop/core1/backend/laravel/public/index.php(11): Illuminate/Foundation/Http/Kernel->handle(Object(Illuminate/Http/Request))
#34 C:/Users/johnnerrycamarig/OneDrive/Desktop/core1/backend/laravel/vendor/laravel/framework/src/Illuminate/Foundation/resources/server.php(23): require_once('C://Users//johnne...')
#35 {main}
"} 
[2026-07-20 21:23:13] local.ERROR: Call to undefined function Illuminate\Support\mb_split() {"exception":"[object] (Error(code: 0): Call to undefined function Illuminate\\Support\\mb_split() at C:/Users/johnnerrycamarig/OneDrive/Desktop/core1/backend/laravel/vendor/laravel/framework/src/Illuminate/Support/Str.php:1722)
[stacktrace]
#0 C:/Users/johnnerrycamarig/OneDrive/Desktop/core1/backend/laravel/vendor/laravel/framework/src/Illuminate/Support/Manager.php(98): Illuminate/Support/Str::studly('file')
#1 C:/Users/johnnerrycamarig/OneDrive/Desktop/core1/backend/laravel/vendor/laravel/framework/src/Illuminate/Support/Manager.php(78): Illuminate/Support/Manager->createDriver('file')
#2 C:/Users/johnnerrycamarig/OneDrive/Desktop/core1/backend/laravel/vendor/laravel/framework/src/Illuminate/Session/SessionServiceProvider.php(52): Illuminate/Support/Manager->driver()
#3 C:/Users/johnnerrycamarig/OneDrive/Desktop/core1/backend/laravel/vendor/laravel/framework/src/Illuminate/Container/Container.php(1115): Illuminate/Session/SessionServiceProvider->{closure:Illuminate/Session/SessionServiceProvider::registerSessionDriver():48}(Object(Illuminate/Foundation/Application), Array)
#4 C:/Users/johnnerrycamarig/OneDrive/Desktop/core1/backend/laravel/vendor/laravel/framework/src/Illuminate/Container/Container.php(933): Illuminate/Container/Container->build(Object(Closure))
#5 C:/Users/johnnerrycamarig/OneDrive/Desktop/core1/backend/laravel/vendor/laravel/framework/src/Illuminate/Foundation/Application.php(1078): Illuminate/Container/Container->resolve('session.store', Array, true)
#6 C:/Users/johnnerrycamarig/OneDrive/Desktop/core1/backend/laravel/vendor/laravel/framework/src/Illuminate/Container/Container.php(864): Illuminate/Foundation/Application->resolve('session.store', Array)
#7 C:/Users/johnnerrycamarig/OneDrive/Desktop/core1/backend/laravel/vendor/laravel/framework/src/Illuminate/Foundation/Application.php(1058): Illuminate/Container/Container->make('session.store', Array)
#8 C:/Users/johnnerrycamarig/OneDrive/Desktop/core1/backend/laravel/vendor/laravel/framework/src/Illuminate/Container/Container.php(1805): Illuminate/Foundation/Application->make('session.store')
#9 C:/Users/johnnerrycamarig/OneDrive/Desktop/core1/backend/laravel/vendor/laravel/framework/src/Illuminate/Routing/RoutingServiceProvider.php(121): Illuminate/Container/Container->offsetGet('session.store')
#10 C:/Users/johnnerrycamarig/OneDrive/Desktop/core1/backend/laravel/vendor/laravel/framework/src/Illuminate/Container/Container.php(1115): Illuminate/Routing/RoutingServiceProvider->{closure:Illuminate/Routing/RoutingServiceProvider::registerRedirector():114}(Object(Illuminate/Foundation/Application), Array)
#11 C:/Users/johnnerrycamarig/OneDrive/Desktop/core1/backend/laravel/vendor/laravel/framework/src/Illuminate/Container/Container.php(933): Illuminate/Container/Container->build(Object(Closure))
#12 C:/Users/johnnerrycamarig/OneDrive/Desktop/core1/backend/laravel/vendor/laravel/framework/src/Illuminate/Foundation/Application.php(1078): Illuminate/Container/Container->resolve('redirect', Array, true)
#13 C:/Users/johnnerrycamarig/OneDrive/Desktop/core1/backend/laravel/vendor/laravel/framework/src/Illuminate/Container/Container.php(864): Illuminate/Foundation/Application->resolve('redirect', Array)
#14 C:/Users/johnnerrycamarig/OneDrive/Desktop/core1/backend/laravel/vendor/laravel/framework/src/Illuminate/Foundation/Application.php(1058): Illuminate/Container/Container->make('redirect', Array)
#15 C:/Users/johnnerrycamarig/OneDrive/Desktop/core1/backend/laravel/vendor/laravel/framework/src/Illuminate/Container/Container.php(1805): Illuminate/Foundation/Application->make('redirect')
#16 C:/Users/johnnerrycamarig/OneDrive/Desktop/core1/backend/laravel/vendor/laravel/framework/src/Illuminate/Routing/RoutingServiceProvider.php(177): Illuminate/Container/Container->offsetGet('redirect')
#17 C:/Users/johnnerrycamarig/OneDrive/Desktop/core1/backend/laravel/vendor/laravel/framework/src/Illuminate/Container/Container.php(1115): Illuminate/Routing/RoutingServiceProvider->{closure:Illuminate/Routing/RoutingServiceProvider::registerResponseFactory():176}(Object(Illuminate/Foundation/Application), Array)
#18 C:/Users/johnnerrycamarig/OneDrive/Desktop/core1/backend/laravel/vendor/laravel/framework/src/Illuminate/Container/Container.php(933): Illuminate/Container/Container->build(Object(Closure))
#19 C:/Users/johnnerrycamarig/OneDrive/Desktop/core1/backend/laravel/vendor/laravel/framework/src/Illuminate/Foundation/Application.php(1078): Illuminate/Container/Container->resolve('Illuminate//Cont...', Array, true)
#20 C:/Users/johnnerrycamarig/OneDrive/Desktop/core1/backend/laravel/vendor/laravel/framework/src/Illuminate/Container/Container.php(864): Illuminate/Foundation/Application->resolve('Illuminate//Cont...', Array)
#21 C:/Users/johnnerrycamarig/OneDrive/Desktop/core1/backend/laravel/vendor/laravel/framework/src/Illuminate/Foundation/Application.php(1058): Illuminate/Container/Container->make('Illuminate//Cont...', Array)
#22 C:/Users/johnnerrycamarig/OneDrive/Desktop/core1/backend/laravel/vendor/laravel/framework/src/Illuminate/Foundation/helpers.php(138): Illuminate/Foundation/Application->make('Illuminate//Cont...', Array)
#23 C:/Users/johnnerrycamarig/OneDrive/Desktop/core1/backend/laravel/vendor/laravel/framework/src/Illuminate/Foundation/helpers.php(850): app('Illuminate//Cont...')
#24 C:/Users/johnnerrycamarig/OneDrive/Desktop/core1/backend/laravel/vendor/laravel/framework/src/Illuminate/Foundation/Exceptions/Handler.php(987): response('<!-- Call to un...', 500, Array)
#25 C:/Users/johnnerrycamarig/OneDrive/Desktop/core1/backend/laravel/vendor/laravel/framework/src/Illuminate/Foundation/Exceptions/Handler.php(839): Illuminate/Foundation/Exceptions/Handler->toIlluminateResponse(Object(Symfony/Component/HttpFoundation/Response), Object(Error))
#26 C:/Users/johnnerrycamarig/OneDrive/Desktop/core1/backend/laravel/vendor/laravel/framework/src/Illuminate/Foundation/Exceptions/Handler.php(738): Illuminate/Foundation/Exceptions/Handler->prepareResponse(Object(Illuminate/Http/Request), Object(Error))
#27 C:/Users/johnnerrycamarig/OneDrive/Desktop/core1/backend/laravel/vendor/laravel/framework/src/Illuminate/Foundation/Exceptions/Handler.php(626): Illuminate/Foundation/Exceptions/Handler->renderExceptionResponse(Object(Illuminate/Http/Request), Object(Error))
#28 C:/Users/johnnerrycamarig/OneDrive/Desktop/core1/backend/laravel/vendor/laravel/framework/src/Illuminate/Foundation/Http/Kernel.php(574): Illuminate/Foundation/Exceptions/Handler->render(Object(Illuminate/Http/Request), Object(Error))
#29 C:/Users/johnnerrycamarig/OneDrive/Desktop/core1/backend/laravel/vendor/laravel/framework/src/Illuminate/Foundation/Http/Kernel.php(148): Illuminate/Foundation/Http/Kernel->renderException(Object(Illuminate/Http/Request), Object(Error))
#30 C:/Users/johnnerrycamarig/OneDrive/Desktop/core1/backend/laravel/public/index.php(11): Illuminate/Foundation/Http/Kernel->handle(Object(Illuminate/Http/Request))
#31 C:/Users/johnnerrycamarig/OneDrive/Desktop/core1/backend/laravel/vendor/laravel/framework/src/Illuminate/Foundation/resources/server.php(23): require_once('C://Users//johnne...')
#32 {main}
"} 
[2026-07-20 21:23:14] local.ERROR: Uncaught Error: Call to undefined function Illuminate\Support\mb_split() in C:\Users\johnnerrycamarig\OneDrive\Desktop\core1\backend\laravel\vendor\laravel\framework\src\Illuminate\Support\Str.php:1722
Stack trace:
#0 C:\Users\johnnerrycamarig\OneDrive\Desktop\core1\backend\laravel\vendor\laravel\framework\src\Illuminate\Support\Manager.php(98): Illuminate\Support\Str::studly('file')
#1 C:\Users\johnnerrycamarig\OneDrive\Desktop\core1\backend\laravel\vendor\laravel\framework\src\Illuminate\Support\Manager.php(78): Illuminate\Support\Manager->createDriver('file')
#2 C:\Users\johnnerrycamarig\OneDrive\Desktop\core1\backend\laravel\vendor\laravel\framework\src\Illuminate\Session\SessionServiceProvider.php(52): Illuminate\Support\Manager->driver()
#3 C:\Users\johnnerrycamarig\OneDrive\Desktop\core1\backend\laravel\vendor\laravel\framework\src\Illuminate\Container\Container.php(1115): Illuminate\Session\SessionServiceProvider->{closure:Illuminate\Session\SessionServiceProvider::registerSessionDriver():48}(Object(Illuminate\Foundation\Application), Array)
#4 C:\Users\johnnerrycamarig\OneDrive\Desktop\core1\backend\laravel\vendor\laravel\framework\src\Illuminate\Container\Container.php(933): Illuminate\Container\Container->build(Object(Closure))
#5 C:\Users\johnnerrycamarig\OneDrive\Desktop\core1\backend\laravel\vendor\laravel\framework\src\Illuminate\Foundation\Application.php(1078): Illuminate\Container\Container->resolve('session.store', Array, true)
#6 C:\Users\johnnerrycamarig\OneDrive\Desktop\core1\backend\laravel\vendor\laravel\framework\src\Illuminate\Container\Container.php(864): Illuminate\Foundation\Application->resolve('session.store', Array)
#7 C:\Users\johnnerrycamarig\OneDrive\Desktop\core1\backend\laravel\vendor\laravel\framework\src\Illuminate\Foundation\Application.php(1058): Illuminate\Container\Container->make('session.store', Array)
#8 C:\Users\johnnerrycamarig\OneDrive\Desktop\core1\backend\laravel\vendor\laravel\framework\src\Illuminate\Container\Container.php(1805): Illuminate\Foundation\Application->make('session.store')
#9 C:\Users\johnnerrycamarig\OneDrive\Desktop\core1\backend\laravel\vendor\laravel\framework\src\Illuminate\Routing\RoutingServiceProvider.php(121): Illuminate\Container\Container->offsetGet('session.store')
#10 C:\Users\johnnerrycamarig\OneDrive\Desktop\core1\backend\laravel\vendor\laravel\framework\src\Illuminate\Container\Container.php(1115): Illuminate\Routing\RoutingServiceProvider->{closure:Illuminate\Routing\RoutingServiceProvider::registerRedirector():114}(Object(Illuminate\Foundation\Application), Array)
#11 C:\Users\johnnerrycamarig\OneDrive\Desktop\core1\backend\laravel\vendor\laravel\framework\src\Illuminate\Container\Container.php(933): Illuminate\Container\Container->build(Object(Closure))
#12 C:\Users\johnnerrycamarig\OneDrive\Desktop\core1\backend\laravel\vendor\laravel\framework\src\Illuminate\Foundation\Application.php(1078): Illuminate\Container\Container->resolve('redirect', Array, true)
#13 C:\Users\johnnerrycamarig\OneDrive\Desktop\core1\backend\laravel\vendor\laravel\framework\src\Illuminate\Container\Container.php(864): Illuminate\Foundation\Application->resolve('redirect', Array)
#14 C:\Users\johnnerrycamarig\OneDrive\Desktop\core1\backend\laravel\vendor\laravel\framework\src\Illuminate\Foundation\Application.php(1058): Illuminate\Container\Container->make('redirect', Array)
#15 C:\Users\johnnerrycamarig\OneDrive\Desktop\core1\backend\laravel\vendor\laravel\framework\src\Illuminate\Container\Container.php(1805): Illuminate\Foundation\Application->make('redirect')
#16 C:\Users\johnnerrycamarig\OneDrive\Desktop\core1\backend\laravel\vendor\laravel\framework\src\Illuminate\Routing\RoutingServiceProvider.php(177): Illuminate\Container\Container->offsetGet('redirect')
#17 C:\Users\johnnerrycamarig\OneDrive\Desktop\core1\backend\laravel\vendor\laravel\framework\src\Illuminate\Container\Container.php(1115): Illuminate\Routing\RoutingServiceProvider->{closure:Illuminate\Routing\RoutingServiceProvider::registerResponseFactory():176}(Object(Illuminate\Foundation\Application), Array)
#18 C:\Users\johnnerrycamarig\OneDrive\Desktop\core1\backend\laravel\vendor\laravel\framework\src\Illuminate\Container\Container.php(933): Illuminate\Container\Container->build(Object(Closure))
#19 C:\Users\johnnerrycamarig\OneDrive\Desktop\core1\backend\laravel\vendor\laravel\framework\src\Illuminate\Foundation\Application.php(1078): Illuminate\Container\Container->resolve('Illuminate\\Cont...', Array, true)
#20 C:\Users\johnnerrycamarig\OneDrive\Desktop\core1\backend\laravel\vendor\laravel\framework\src\Illuminate\Container\Container.php(864): Illuminate\Foundation\Application->resolve('Illuminate\\Cont...', Array)
#21 C:\Users\johnnerrycamarig\OneDrive\Desktop\core1\backend\laravel\vendor\laravel\framework\src\Illuminate\Foundation\Application.php(1058): Illuminate\Container\Container->make('Illuminate\\Cont...', Array)
#22 C:\Users\johnnerrycamarig\OneDrive\Desktop\core1\backend\laravel\vendor\laravel\framework\src\Illuminate\Foundation\helpers.php(138): Illuminate\Foundation\Application->make('Illuminate\\Cont...', Array)
#23 C:\Users\johnnerrycamarig\OneDrive\Desktop\core1\backend\laravel\vendor\laravel\framework\src\Illuminate\Foundation\helpers.php(850): app('Illuminate\\Cont...')
#24 C:\Users\johnnerrycamarig\OneDrive\Desktop\core1\backend\laravel\vendor\laravel\framework\src\Illuminate\Foundation\Exceptions\Handler.php(987): response('<!-- Call to un...', 500, Array)
#25 C:\Users\johnnerrycamarig\OneDrive\Desktop\core1\backend\laravel\vendor\laravel\framework\src\Illuminate\Foundation\Exceptions\Handler.php(839): Illuminate\Foundation\Exceptions\Handler->toIlluminateResponse(Object(Symfony\Component\HttpFoundation\Response), Object(Error))
#26 C:\Users\johnnerrycamarig\OneDrive\Desktop\core1\backend\laravel\vendor\laravel\framework\src\Illuminate\Foundation\Exceptions\Handler.php(738): Illuminate\Foundation\Exceptions\Handler->prepareResponse(Object(Illuminate\Http\Request), Object(Error))
#27 C:\Users\johnnerrycamarig\OneDrive\Desktop\core1\backend\laravel\vendor\laravel\framework\src\Illuminate\Foundation\Exceptions\Handler.php(626): Illuminate\Foundation\Exceptions\Handler->renderExceptionResponse(Object(Illuminate\Http\Request), Object(Error))
#28 C:\Users\johnnerrycamarig\OneDrive\Desktop\core1\backend\laravel\vendor\laravel\framework\src\Illuminate\Foundation\Bootstrap\HandleExceptions.php(225): Illuminate\Foundation\Exceptions\Handler->render(Object(Illuminate\Http\Request), Object(Error))
#29 C:\Users\johnnerrycamarig\OneDrive\Desktop\core1\backend\laravel\vendor\laravel\framework\src\Illuminate\Foundation\Bootstrap\HandleExceptions.php(202): Illuminate\Foundation\Bootstrap\HandleExceptions->renderHttpResponse(Object(Error))
#30 C:\Users\johnnerrycamarig\OneDrive\Desktop\core1\backend\laravel\vendor\laravel\framework\src\Illuminate\Foundation\Bootstrap\HandleExceptions.php(262): Illuminate\Foundation\Bootstrap\HandleExceptions->handleException(Object(Error))
#31 [internal function]: Illuminate\Foundation\Bootstrap\HandleExceptions->{closure:Illuminate\Foundation\Bootstrap\HandleExceptions::forwardsTo():261}(Object(Error))
#32 {main}
  thrown {"exception":"[object] (Symfony\\Component\\ErrorHandler\\Error\\FatalError(code: 0): Uncaught Error: Call to undefined function Illuminate\\Support\\mb_split() in C:\\Users\\johnnerrycamarig\\OneDrive\\Desktop\\core1\\backend\\laravel\\vendor\\laravel\\framework\\src\\Illuminate\\Support\\Str.php:1722
Stack trace:
#0 C:\\Users\\johnnerrycamarig\\OneDrive\\Desktop\\core1\\backend\\laravel\\vendor\\laravel\\framework\\src\\Illuminate\\Support\\Manager.php(98): Illuminate\\Support\\Str::studly('file')
#1 C:\\Users\\johnnerrycamarig\\OneDrive\\Desktop\\core1\\backend\\laravel\\vendor\\laravel\\framework\\src\\Illuminate\\Support\\Manager.php(78): Illuminate\\Support\\Manager->createDriver('file')
#2 C:\\Users\\johnnerrycamarig\\OneDrive\\Desktop\\core1\\backend\\laravel\\vendor\\laravel\\framework\\src\\Illuminate\\Session\\SessionServiceProvider.php(52): Illuminate\\Support\\Manager->driver()
#3 C:\\Users\\johnnerrycamarig\\OneDrive\\Desktop\\core1\\backend\\laravel\\vendor\\laravel\\framework\\src\\Illuminate\\Container\\Container.php(1115): Illuminate\\Session\\SessionServiceProvider->{closure:Illuminate\\Session\\SessionServiceProvider::registerSessionDriver():48}(Object(Illuminate\\Foundation\\Application), Array)
#4 C:\\Users\\johnnerrycamarig\\OneDrive\\Desktop\\core1\\backend\\laravel\\vendor\\laravel\\framework\\src\\Illuminate\\Container\\Container.php(933): Illuminate\\Container\\Container->build(Object(Closure))
#5 C:\\Users\\johnnerrycamarig\\OneDrive\\Desktop\\core1\\backend\\laravel\\vendor\\laravel\\framework\\src\\Illuminate\\Foundation\\Application.php(1078): Illuminate\\Container\\Container->resolve('session.store', Array, true)
#6 C:\\Users\\johnnerrycamarig\\OneDrive\\Desktop\\core1\\backend\\laravel\\vendor\\laravel\\framework\\src\\Illuminate\\Container\\Container.php(864): Illuminate\\Foundation\\Application->resolve('session.store', Array)
#7 C:\\Users\\johnnerrycamarig\\OneDrive\\Desktop\\core1\\backend\\laravel\\vendor\\laravel\\framework\\src\\Illuminate\\Foundation\\Application.php(1058): Illuminate\\Container\\Container->make('session.store', Array)
#8 C:\\Users\\johnnerrycamarig\\OneDrive\\Desktop\\core1\\backend\\laravel\\vendor\\laravel\\framework\\src\\Illuminate\\Container\\Container.php(1805): Illuminate\\Foundation\\Application->make('session.store')
#9 C:\\Users\\johnnerrycamarig\\OneDrive\\Desktop\\core1\\backend\\laravel\\vendor\\laravel\\framework\\src\\Illuminate\\Routing\\RoutingServiceProvider.php(121): Illuminate\\Container\\Container->offsetGet('session.store')
#10 C:\\Users\\johnnerrycamarig\\OneDrive\\Desktop\\core1\\backend\\laravel\\vendor\\laravel\\framework\\src\\Illuminate\\Container\\Container.php(1115): Illuminate\\Routing\\RoutingServiceProvider->{closure:Illuminate\\Routing\\RoutingServiceProvider::registerRedirector():114}(Object(Illuminate\\Foundation\\Application), Array)
#11 C:\\Users\\johnnerrycamarig\\OneDrive\\Desktop\\core1\\backend\\laravel\\vendor\\laravel\\framework\\src\\Illuminate\\Container\\Container.php(933): Illuminate\\Container\\Container->build(Object(Closure))
#12 C:\\Users\\johnnerrycamarig\\OneDrive\\Desktop\\core1\\backend\\laravel\\vendor\\laravel\\framework\\src\\Illuminate\\Foundation\\Application.php(1078): Illuminate\\Container\\Container->resolve('redirect', Array, true)
#13 C:\\Users\\johnnerrycamarig\\OneDrive\\Desktop\\core1\\backend\\laravel\\vendor\\laravel\\framework\\src\\Illuminate\\Container\\Container.php(864): Illuminate\\Foundation\\Application->resolve('redirect', Array)
#14 C:\\Users\\johnnerrycamarig\\OneDrive\\Desktop\\core1\\backend\\laravel\\vendor\\laravel\\framework\\src\\Illuminate\\Foundation\\Application.php(1058): Illuminate\\Container\\Container->make('redirect', Array)
#15 C:\\Users\\johnnerrycamarig\\OneDrive\\Desktop\\core1\\backend\\laravel\\vendor\\laravel\\framework\\src\\Illuminate\\Container\\Container.php(1805): Illuminate\\Foundation\\Application->make('redirect')
#16 C:\\Users\\johnnerrycamarig\\OneDrive\\Desktop\\core1\\backend\\laravel\\vendor\\laravel\\framework\\src\\Illuminate\\Routing\\RoutingServiceProvider.php(177): Illuminate\\Container\\Container->offsetGet('redirect')
#17 C:\\Users\\johnnerrycamarig\\OneDrive\\Desktop\\core1\\backend\\laravel\\vendor\\laravel\\framework\\src\\Illuminate\\Container\\Container.php(1115): Illuminate\\Routing\\RoutingServiceProvider->{closure:Illuminate\\Routing\\RoutingServiceProvider::registerResponseFactory():176}(Object(Illuminate\\Foundation\\Application), Array)
#18 C:\\Users\\johnnerrycamarig\\OneDrive\\Desktop\\core1\\backend\\laravel\\vendor\\laravel\\framework\\src\\Illuminate\\Container\\Container.php(933): Illuminate\\Container\\Container->build(Object(Closure))
#19 C:\\Users\\johnnerrycamarig\\OneDrive\\Desktop\\core1\\backend\\laravel\\vendor\\laravel\\framework\\src\\Illuminate\\Foundation\\Application.php(1078): Illuminate\\Container\\Container->resolve('Illuminate\\\\Cont...', Array, true)
#20 C:\\Users\\johnnerrycamarig\\OneDrive\\Desktop\\core1\\backend\\laravel\\vendor\\laravel\\framework\\src\\Illuminate\\Container\\Container.php(864): Illuminate\\Foundation\\Application->resolve('Illuminate\\\\Cont...', Array)
#21 C:\\Users\\johnnerrycamarig\\OneDrive\\Desktop\\core1\\backend\\laravel\\vendor\\laravel\\framework\\src\\Illuminate\\Foundation\\Application.php(1058): Illuminate\\Container\\Container->make('Illuminate\\\\Cont...', Array)
#22 C:\\Users\\johnnerrycamarig\\OneDrive\\Desktop\\core1\\backend\\laravel\\vendor\\laravel\\framework\\src\\Illuminate\\Foundation\\helpers.php(138): Illuminate\\Foundation\\Application->make('Illuminate\\\\Cont...', Array)
#23 C:\\Users\\johnnerrycamarig\\OneDrive\\Desktop\\core1\\backend\\laravel\\vendor\\laravel\\framework\\src\\Illuminate\\Foundation\\helpers.php(850): app('Illuminate\\\\Cont...')
#24 C:\\Users\\johnnerrycamarig\\OneDrive\\Desktop\\core1\\backend\\laravel\\vendor\\laravel\\framework\\src\\Illuminate\\Foundation\\Exceptions\\Handler.php(987): response('<!-- Call to un...', 500, Array)
#25 C:\\Users\\johnnerrycamarig\\OneDrive\\Desktop\\core1\\backend\\laravel\\vendor\\laravel\\framework\\src\\Illuminate\\Foundation\\Exceptions\\Handler.php(839): Illuminate\\Foundation\\Exceptions\\Handler->toIlluminateResponse(Object(Symfony\\Component\\HttpFoundation\\Response), Object(Error))
#26 C:\\Users\\johnnerrycamarig\\OneDrive\\Desktop\\core1\\backend\\laravel\\vendor\\laravel\\framework\\src\\Illuminate\\Foundation\\Exceptions\\Handler.php(738): Illuminate\\Foundation\\Exceptions\\Handler->prepareResponse(Object(Illuminate\\Http\\Request), Object(Error))
#27 C:\\Users\\johnnerrycamarig\\OneDrive\\Desktop\\core1\\backend\\laravel\\vendor\\laravel\\framework\\src\\Illuminate\\Foundation\\Exceptions\\Handler.php(626): Illuminate\\Foundation\\Exceptions\\Handler->renderExceptionResponse(Object(Illuminate\\Http\\Request), Object(Error))
#28 C:\\Users\\johnnerrycamarig\\OneDrive\\Desktop\\core1\\backend\\laravel\\vendor\\laravel\\framework\\src\\Illuminate\\Foundation\\Bootstrap\\HandleExceptions.php(225): Illuminate\\Foundation\\Exceptions\\Handler->render(Object(Illuminate\\Http\\Request), Object(Error))
#29 C:\\Users\\johnnerrycamarig\\OneDrive\\Desktop\\core1\\backend\\laravel\\vendor\\laravel\\framework\\src\\Illuminate\\Foundation\\Bootstrap\\HandleExceptions.php(202): Illuminate\\Foundation\\Bootstrap\\HandleExceptions->renderHttpResponse(Object(Error))
#30 C:\\Users\\johnnerrycamarig\\OneDrive\\Desktop\\core1\\backend\\laravel\\vendor\\laravel\\framework\\src\\Illuminate\\Foundation\\Bootstrap\\HandleExceptions.php(262): Illuminate\\Foundation\\Bootstrap\\HandleExceptions->handleException(Object(Error))
#31 [internal function]: Illuminate\\Foundation\\Bootstrap\\HandleExceptions->{closure:Illuminate\\Foundation\\Bootstrap\\HandleExceptions::forwardsTo():261}(Object(Error))
#32 {main}
  thrown at C:/Users/johnnerrycamarig/OneDrive/Desktop/core1/backend/laravel/vendor/laravel/framework/src/Illuminate/Support/Str.php:1722)
[stacktrace]
#0 {main}
"} 
[2026-07-20 21:23:47] local.ERROR: Class "Illuminate\Foundation\Http\Middleware\TrustHosts" not found {"exception":"[object] (Error(code: 0): Class \"Illuminate\\Foundation\\Http\\Middleware\\TrustHosts\" not found at C:/Users/johnnerrycamarig/OneDrive/Desktop/core1/backend/laravel/app/Http/Middleware/TrustHosts.php:7)
[stacktrace]
#0 C:/Users/johnnerrycamarig/OneDrive/Desktop/core1/backend/laravel/vendor/composer/ClassLoader.php(576): include()
#1 C:/Users/johnnerrycamarig/OneDrive/Desktop/core1/backend/laravel/vendor/composer/ClassLoader.php(427): {closure:Composer/Autoload/ClassLoader::initializeIncludeClosure():575}('C://Users//johnne...')
#2 [internal function]: Composer/Autoload/ClassLoader->loadClass('App//Http//Middle...')
#3 C:/Users/johnnerrycamarig/OneDrive/Desktop/core1/backend/laravel/vendor/laravel/framework/src/Illuminate/Container/Container.php(1000): ReflectionClass->__construct('App//Http//Middle...')
#4 C:/Users/johnnerrycamarig/OneDrive/Desktop/core1/backend/laravel/vendor/laravel/framework/src/Illuminate/Container/Container.php(986): Illuminate/Container/Container->getConcreteBindingFromAttributes('App//Http//Middle...')
#5 C:/Users/johnnerrycamarig/OneDrive/Desktop/core1/backend/laravel/vendor/laravel/framework/src/Illuminate/Container/Container.php(926): Illuminate/Container/Container->getConcrete('App//Http//Middle...')
#6 C:/Users/johnnerrycamarig/OneDrive/Desktop/core1/backend/laravel/vendor/laravel/framework/src/Illuminate/Foundation/Application.php(1078): Illuminate/Container/Container->resolve('App//Http//Middle...', Array, true)
#7 C:/Users/johnnerrycamarig/OneDrive/Desktop/core1/backend/laravel/vendor/laravel/framework/src/Illuminate/Container/Container.php(864): Illuminate/Foundation/Application->resolve('App//Http//Middle...', Array)
#8 C:/Users/johnnerrycamarig/OneDrive/Desktop/core1/backend/laravel/vendor/laravel/framework/src/Illuminate/Foundation/Application.php(1058): Illuminate/Container/Container->make('App//Http//Middle...', Array)
#9 C:/Users/johnnerrycamarig/OneDrive/Desktop/core1/backend/laravel/vendor/laravel/framework/src/Illuminate/Pipeline/Pipeline.php(208): Illuminate/Foundation/Application->make('App//Http//Middle...')
#10 C:/Users/johnnerrycamarig/OneDrive/Desktop/core1/backend/laravel/vendor/laravel/framework/src/Illuminate/Pipeline/Pipeline.php(137): Illuminate/Pipeline/Pipeline->{closure:{closure:Illuminate/Pipeline/Pipeline::carry():194}:195}(Object(Illuminate/Http/Request))
#11 C:/Users/johnnerrycamarig/OneDrive/Desktop/core1/backend/laravel/vendor/laravel/framework/src/Illuminate/Foundation/Http/Kernel.php(175): Illuminate/Pipeline/Pipeline->then(Object(Closure))
#12 C:/Users/johnnerrycamarig/OneDrive/Desktop/core1/backend/laravel/vendor/laravel/framework/src/Illuminate/Foundation/Http/Kernel.php(144): Illuminate/Foundation/Http/Kernel->sendRequestThroughRouter(Object(Illuminate/Http/Request))
#13 C:/Users/johnnerrycamarig/OneDrive/Desktop/core1/backend/laravel/public/index.php(11): Illuminate/Foundation/Http/Kernel->handle(Object(Illuminate/Http/Request))
#14 C:/Users/johnnerrycamarig/OneDrive/Desktop/core1/backend/laravel/vendor/laravel/framework/src/Illuminate/Foundation/resources/server.php(23): require_once('C://Users//johnne...')
#15 {main}
"} 
[2026-07-20 21:23:48] local.ERROR: Call to undefined function Illuminate\Support\mb_split() {"exception":"[object] (Error(code: 0): Call to undefined function Illuminate\\Support\\mb_split() at C:/Users/johnnerrycamarig/OneDrive/Desktop/core1/backend/laravel/vendor/laravel/framework/src/Illuminate/Support/Str.php:1722)
[stacktrace]
#0 C:/Users/johnnerrycamarig/OneDrive/Desktop/core1/backend/laravel/vendor/laravel/framework/src/Illuminate/Support/Manager.php(98): Illuminate/Support/Str::studly('file')
#1 C:/Users/johnnerrycamarig/OneDrive/Desktop/core1/backend/laravel/vendor/laravel/framework/src/Illuminate/Support/Manager.php(78): Illuminate/Support/Manager->createDriver('file')
#2 C:/Users/johnnerrycamarig/OneDrive/Desktop/core1/backend/laravel/vendor/laravel/framework/src/Illuminate/Session/SessionServiceProvider.php(52): Illuminate/Support/Manager->driver()
#3 C:/Users/johnnerrycamarig/OneDrive/Desktop/core1/backend/laravel/vendor/laravel/framework/src/Illuminate/Container/Container.php(1115): Illuminate/Session/SessionServiceProvider->{closure:Illuminate/Session/SessionServiceProvider::registerSessionDriver():48}(Object(Illuminate/Foundation/Application), Array)
#4 C:/Users/johnnerrycamarig/OneDrive/Desktop/core1/backend/laravel/vendor/laravel/framework/src/Illuminate/Container/Container.php(933): Illuminate/Container/Container->build(Object(Closure))
#5 C:/Users/johnnerrycamarig/OneDrive/Desktop/core1/backend/laravel/vendor/laravel/framework/src/Illuminate/Foundation/Application.php(1078): Illuminate/Container/Container->resolve('session.store', Array, true)
#6 C:/Users/johnnerrycamarig/OneDrive/Desktop/core1/backend/laravel/vendor/laravel/framework/src/Illuminate/Container/Container.php(864): Illuminate/Foundation/Application->resolve('session.store', Array)
#7 C:/Users/johnnerrycamarig/OneDrive/Desktop/core1/backend/laravel/vendor/laravel/framework/src/Illuminate/Foundation/Application.php(1058): Illuminate/Container/Container->make('session.store', Array)
#8 C:/Users/johnnerrycamarig/OneDrive/Desktop/core1/backend/laravel/vendor/laravel/framework/src/Illuminate/Container/Container.php(1805): Illuminate/Foundation/Application->make('session.store')
#9 C:/Users/johnnerrycamarig/OneDrive/Desktop/core1/backend/laravel/vendor/laravel/framework/src/Illuminate/Routing/RoutingServiceProvider.php(121): Illuminate/Container/Container->offsetGet('session.store')
#10 C:/Users/johnnerrycamarig/OneDrive/Desktop/core1/backend/laravel/vendor/laravel/framework/src/Illuminate/Container/Container.php(1115): Illuminate/Routing/RoutingServiceProvider->{closure:Illuminate/Routing/RoutingServiceProvider::registerRedirector():114}(Object(Illuminate/Foundation/Application), Array)
#11 C:/Users/johnnerrycamarig/OneDrive/Desktop/core1/backend/laravel/vendor/laravel/framework/src/Illuminate/Container/Container.php(933): Illuminate/Container/Container->build(Object(Closure))
#12 C:/Users/johnnerrycamarig/OneDrive/Desktop/core1/backend/laravel/vendor/laravel/framework/src/Illuminate/Foundation/Application.php(1078): Illuminate/Container/Container->resolve('redirect', Array, true)
#13 C:/Users/johnnerrycamarig/OneDrive/Desktop/core1/backend/laravel/vendor/laravel/framework/src/Illuminate/Container/Container.php(864): Illuminate/Foundation/Application->resolve('redirect', Array)
#14 C:/Users/johnnerrycamarig/OneDrive/Desktop/core1/backend/laravel/vendor/laravel/framework/src/Illuminate/Foundation/Application.php(1058): Illuminate/Container/Container->make('redirect', Array)
#15 C:/Users/johnnerrycamarig/OneDrive/Desktop/core1/backend/laravel/vendor/laravel/framework/src/Illuminate/Container/Container.php(1805): Illuminate/Foundation/Application->make('redirect')
#16 C:/Users/johnnerrycamarig/OneDrive/Desktop/core1/backend/laravel/vendor/laravel/framework/src/Illuminate/Routing/RoutingServiceProvider.php(177): Illuminate/Container/Container->offsetGet('redirect')
#17 C:/Users/johnnerrycamarig/OneDrive/Desktop/core1/backend/laravel/vendor/laravel/framework/src/Illuminate/Container/Container.php(1115): Illuminate/Routing/RoutingServiceProvider->{closure:Illuminate/Routing/RoutingServiceProvider::registerResponseFactory():176}(Object(Illuminate/Foundation/Application), Array)
#18 C:/Users/johnnerrycamarig/OneDrive/Desktop/core1/backend/laravel/vendor/laravel/framework/src/Illuminate/Container/Container.php(933): Illuminate/Container/Container->build(Object(Closure))
#19 C:/Users/johnnerrycamarig/OneDrive/Desktop/core1/backend/laravel/vendor/laravel/framework/src/Illuminate/Foundation/Application.php(1078): Illuminate/Container/Container->resolve('Illuminate//Cont...', Array, true)
#20 C:/Users/johnnerrycamarig/OneDrive/Desktop/core1/backend/laravel/vendor/laravel/framework/src/Illuminate/Container/Container.php(864): Illuminate/Foundation/Application->resolve('Illuminate//Cont...', Array)
#21 C:/Users/johnnerrycamarig/OneDrive/Desktop/core1/backend/laravel/vendor/laravel/framework/src/Illuminate/Foundation/Application.php(1058): Illuminate/Container/Container->make('Illuminate//Cont...', Array)
#22 C:/Users/johnnerrycamarig/OneDrive/Desktop/core1/backend/laravel/vendor/laravel/framework/src/Illuminate/Foundation/helpers.php(138): Illuminate/Foundation/Application->make('Illuminate//Cont...', Array)
#23 C:/Users/johnnerrycamarig/OneDrive/Desktop/core1/backend/laravel/vendor/laravel/framework/src/Illuminate/Foundation/helpers.php(850): app('Illuminate//Cont...')
#24 C:/Users/johnnerrycamarig/OneDrive/Desktop/core1/backend/laravel/vendor/laravel/framework/src/Illuminate/Foundation/Exceptions/Handler.php(987): response('<!-- Call to un...', 500, Array)
#25 C:/Users/johnnerrycamarig/OneDrive/Desktop/core1/backend/laravel/vendor/laravel/framework/src/Illuminate/Foundation/Exceptions/Handler.php(839): Illuminate/Foundation/Exceptions/Handler->toIlluminateResponse(Object(Symfony/Component/HttpFoundation/Response), Object(Error))
#26 C:/Users/johnnerrycamarig/OneDrive/Desktop/core1/backend/laravel/vendor/laravel/framework/src/Illuminate/Foundation/Exceptions/Handler.php(738): Illuminate/Foundation/Exceptions/Handler->prepareResponse(Object(Illuminate/Http/Request), Object(Error))
#27 C:/Users/johnnerrycamarig/OneDrive/Desktop/core1/backend/laravel/vendor/laravel/framework/src/Illuminate/Foundation/Exceptions/Handler.php(626): Illuminate/Foundation/Exceptions/Handler->renderExceptionResponse(Object(Illuminate/Http/Request), Object(Error))
#28 C:/Users/johnnerrycamarig/OneDrive/Desktop/core1/backend/laravel/vendor/laravel/framework/src/Illuminate/Routing/Pipeline.php(51): Illuminate/Foundation/Exceptions/Handler->render(Object(Illuminate/Http/Request), Object(Error))
#29 C:/Users/johnnerrycamarig/OneDrive/Desktop/core1/backend/laravel/vendor/laravel/framework/src/Illuminate/Pipeline/Pipeline.php(224): Illuminate/Routing/Pipeline->handleException(Object(Illuminate/Http/Request), Object(Error))
#30 C:/Users/johnnerrycamarig/OneDrive/Desktop/core1/backend/laravel/vendor/laravel/framework/src/Illuminate/Pipeline/Pipeline.php(137): Illuminate/Pipeline/Pipeline->{closure:{closure:Illuminate/Pipeline/Pipeline::carry():194}:195}(Object(Illuminate/Http/Request))
#31 C:/Users/johnnerrycamarig/OneDrive/Desktop/core1/backend/laravel/vendor/laravel/framework/src/Illuminate/Foundation/Http/Kernel.php(175): Illuminate/Pipeline/Pipeline->then(Object(Closure))
#32 C:/Users/johnnerrycamarig/OneDrive/Desktop/core1/backend/laravel/vendor/laravel/framework/src/Illuminate/Foundation/Http/Kernel.php(144): Illuminate/Foundation/Http/Kernel->sendRequestThroughRouter(Object(Illuminate/Http/Request))
#33 C:/Users/johnnerrycamarig/OneDrive/Desktop/core1/backend/laravel/public/index.php(11): Illuminate/Foundation/Http/Kernel->handle(Object(Illuminate/Http/Request))
#34 C:/Users/johnnerrycamarig/OneDrive/Desktop/core1/backend/laravel/vendor/laravel/framework/src/Illuminate/Foundation/resources/server.php(23): require_once('C://Users//johnne...')
#35 {main}
"} 
[2026-07-20 21:23:49] local.ERROR: Call to undefined function Illuminate\Support\mb_split() {"exception":"[object] (Error(code: 0): Call to undefined function Illuminate\\Support\\mb_split() at C:/Users/johnnerrycamarig/OneDrive/Desktop/core1/backend/laravel/vendor/laravel/framework/src/Illuminate/Support/Str.php:1722)
[stacktrace]
#0 C:/Users/johnnerrycamarig/OneDrive/Desktop/core1/backend/laravel/vendor/laravel/framework/src/Illuminate/Support/Manager.php(98): Illuminate/Support/Str::studly('file')
#1 C:/Users/johnnerrycamarig/OneDrive/Desktop/core1/backend/laravel/vendor/laravel/framework/src/Illuminate/Support/Manager.php(78): Illuminate/Support/Manager->createDriver('file')
#2 C:/Users/johnnerrycamarig/OneDrive/Desktop/core1/backend/laravel/vendor/laravel/framework/src/Illuminate/Session/SessionServiceProvider.php(52): Illuminate/Support/Manager->driver()
#3 C:/Users/johnnerrycamarig/OneDrive/Desktop/core1/backend/laravel/vendor/laravel/framework/src/Illuminate/Container/Container.php(1115): Illuminate/Session/SessionServiceProvider->{closure:Illuminate/Session/SessionServiceProvider::registerSessionDriver():48}(Object(Illuminate/Foundation/Application), Array)
#4 C:/Users/johnnerrycamarig/OneDrive/Desktop/core1/backend/laravel/vendor/laravel/framework/src/Illuminate/Container/Container.php(933): Illuminate/Container/Container->build(Object(Closure))
#5 C:/Users/johnnerrycamarig/OneDrive/Desktop/core1/backend/laravel/vendor/laravel/framework/src/Illuminate/Foundation/Application.php(1078): Illuminate/Container/Container->resolve('session.store', Array, true)
#6 C:/Users/johnnerrycamarig/OneDrive/Desktop/core1/backend/laravel/vendor/laravel/framework/src/Illuminate/Container/Container.php(864): Illuminate/Foundation/Application->resolve('session.store', Array)
#7 C:/Users/johnnerrycamarig/OneDrive/Desktop/core1/backend/laravel/vendor/laravel/framework/src/Illuminate/Foundation/Application.php(1058): Illuminate/Container/Container->make('session.store', Array)
#8 C:/Users/johnnerrycamarig/OneDrive/Desktop/core1/backend/laravel/vendor/laravel/framework/src/Illuminate/Container/Container.php(1805): Illuminate/Foundation/Application->make('session.store')
#9 C:/Users/johnnerrycamarig/OneDrive/Desktop/core1/backend/laravel/vendor/laravel/framework/src/Illuminate/Routing/RoutingServiceProvider.php(121): Illuminate/Container/Container->offsetGet('session.store')
#10 C:/Users/johnnerrycamarig/OneDrive/Desktop/core1/backend/laravel/vendor/laravel/framework/src/Illuminate/Container/Container.php(1115): Illuminate/Routing/RoutingServiceProvider->{closure:Illuminate/Routing/RoutingServiceProvider::registerRedirector():114}(Object(Illuminate/Foundation/Application), Array)
#11 C:/Users/johnnerrycamarig/OneDrive/Desktop/core1/backend/laravel/vendor/laravel/framework/src/Illuminate/Container/Container.php(933): Illuminate/Container/Container->build(Object(Closure))
#12 C:/Users/johnnerrycamarig/OneDrive/Desktop/core1/backend/laravel/vendor/laravel/framework/src/Illuminate/Foundation/Application.php(1078): Illuminate/Container/Container->resolve('redirect', Array, true)
#13 C:/Users/johnnerrycamarig/OneDrive/Desktop/core1/backend/laravel/vendor/laravel/framework/src/Illuminate/Container/Container.php(864): Illuminate/Foundation/Application->resolve('redirect', Array)
#14 C:/Users/johnnerrycamarig/OneDrive/Desktop/core1/backend/laravel/vendor/laravel/framework/src/Illuminate/Foundation/Application.php(1058): Illuminate/Container/Container->make('redirect', Array)
#15 C:/Users/johnnerrycamarig/OneDrive/Desktop/core1/backend/laravel/vendor/laravel/framework/src/Illuminate/Container/Container.php(1805): Illuminate/Foundation/Application->make('redirect')
#16 C:/Users/johnnerrycamarig/OneDrive/Desktop/core1/backend/laravel/vendor/laravel/framework/src/Illuminate/Routing/RoutingServiceProvider.php(177): Illuminate/Container/Container->offsetGet('redirect')
#17 C:/Users/johnnerrycamarig/OneDrive/Desktop/core1/backend/laravel/vendor/laravel/framework/src/Illuminate/Container/Container.php(1115): Illuminate/Routing/RoutingServiceProvider->{closure:Illuminate/Routing/RoutingServiceProvider::registerResponseFactory():176}(Object(Illuminate/Foundation/Application), Array)
#18 C:/Users/johnnerrycamarig/OneDrive/Desktop/core1/backend/laravel/vendor/laravel/framework/src/Illuminate/Container/Container.php(933): Illuminate/Container/Container->build(Object(Closure))
#19 C:/Users/johnnerrycamarig/OneDrive/Desktop/core1/backend/laravel/vendor/laravel/framework/src/Illuminate/Foundation/Application.php(1078): Illuminate/Container/Container->resolve('Illuminate//Cont...', Array, true)
#20 C:/Users/johnnerrycamarig/OneDrive/Desktop/core1/backend/laravel/vendor/laravel/framework/src/Illuminate/Container/Container.php(864): Illuminate/Foundation/Application->resolve('Illuminate//Cont...', Array)
#21 C:/Users/johnnerrycamarig/OneDrive/Desktop/core1/backend/laravel/vendor/laravel/framework/src/Illuminate/Foundation/Application.php(1058): Illuminate/Container/Container->make('Illuminate//Cont...', Array)
#22 C:/Users/johnnerrycamarig/OneDrive/Desktop/core1/backend/laravel/vendor/laravel/framework/src/Illuminate/Foundation/helpers.php(138): Illuminate/Foundation/Application->make('Illuminate//Cont...', Array)
#23 C:/Users/johnnerrycamarig/OneDrive/Desktop/core1/backend/laravel/vendor/laravel/framework/src/Illuminate/Foundation/helpers.php(850): app('Illuminate//Cont...')
#24 C:/Users/johnnerrycamarig/OneDrive/Desktop/core1/backend/laravel/vendor/laravel/framework/src/Illuminate/Foundation/Exceptions/Handler.php(987): response('<!-- Call to un...', 500, Array)
#25 C:/Users/johnnerrycamarig/OneDrive/Desktop/core1/backend/laravel/vendor/laravel/framework/src/Illuminate/Foundation/Exceptions/Handler.php(839): Illuminate/Foundation/Exceptions/Handler->toIlluminateResponse(Object(Symfony/Component/HttpFoundation/Response), Object(Error))
#26 C:/Users/johnnerrycamarig/OneDrive/Desktop/core1/backend/laravel/vendor/laravel/framework/src/Illuminate/Foundation/Exceptions/Handler.php(738): Illuminate/Foundation/Exceptions/Handler->prepareResponse(Object(Illuminate/Http/Request), Object(Error))
#27 C:/Users/johnnerrycamarig/OneDrive/Desktop/core1/backend/laravel/vendor/laravel/framework/src/Illuminate/Foundation/Exceptions/Handler.php(626): Illuminate/Foundation/Exceptions/Handler->renderExceptionResponse(Object(Illuminate/Http/Request), Object(Error))
#28 C:/Users/johnnerrycamarig/OneDrive/Desktop/core1/backend/laravel/vendor/laravel/framework/src/Illuminate/Foundation/Http/Kernel.php(574): Illuminate/Foundation/Exceptions/Handler->render(Object(Illuminate/Http/Request), Object(Error))
#29 C:/Users/johnnerrycamarig/OneDrive/Desktop/core1/backend/laravel/vendor/laravel/framework/src/Illuminate/Foundation/Http/Kernel.php(148): Illuminate/Foundation/Http/Kernel->renderException(Object(Illuminate/Http/Request), Object(Error))
#30 C:/Users/johnnerrycamarig/OneDrive/Desktop/core1/backend/laravel/public/index.php(11): Illuminate/Foundation/Http/Kernel->handle(Object(Illuminate/Http/Request))
#31 C:/Users/johnnerrycamarig/OneDrive/Desktop/core1/backend/laravel/vendor/laravel/framework/src/Illuminate/Foundation/resources/server.php(23): require_once('C://Users//johnne...')
#32 {main}
"} 
[2026-07-20 21:23:50] local.ERROR: Uncaught Error: Call to undefined function Illuminate\Support\mb_split() in C:\Users\johnnerrycamarig\OneDrive\Desktop\core1\backend\laravel\vendor\laravel\framework\src\Illuminate\Support\Str.php:1722
Stack trace:
#0 C:\Users\johnnerrycamarig\OneDrive\Desktop\core1\backend\laravel\vendor\laravel\framework\src\Illuminate\Support\Manager.php(98): Illuminate\Support\Str::studly('file')
#1 C:\Users\johnnerrycamarig\OneDrive\Desktop\core1\backend\laravel\vendor\laravel\framework\src\Illuminate\Support\Manager.php(78): Illuminate\Support\Manager->createDriver('file')
#2 C:\Users\johnnerrycamarig\OneDrive\Desktop\core1\backend\laravel\vendor\laravel\framework\src\Illuminate\Session\SessionServiceProvider.php(52): Illuminate\Support\Manager->driver()
#3 C:\Users\johnnerrycamarig\OneDrive\Desktop\core1\backend\laravel\vendor\laravel\framework\src\Illuminate\Container\Container.php(1115): Illuminate\Session\SessionServiceProvider->{closure:Illuminate\Session\SessionServiceProvider::registerSessionDriver():48}(Object(Illuminate\Foundation\Application), Array)
#4 C:\Users\johnnerrycamarig\OneDrive\Desktop\core1\backend\laravel\vendor\laravel\framework\src\Illuminate\Container\Container.php(933): Illuminate\Container\Container->build(Object(Closure))
#5 C:\Users\johnnerrycamarig\OneDrive\Desktop\core1\backend\laravel\vendor\laravel\framework\src\Illuminate\Foundation\Application.php(1078): Illuminate\Container\Container->resolve('session.store', Array, true)
#6 C:\Users\johnnerrycamarig\OneDrive\Desktop\core1\backend\laravel\vendor\laravel\framework\src\Illuminate\Container\Container.php(864): Illuminate\Foundation\Application->resolve('session.store', Array)
#7 C:\Users\johnnerrycamarig\OneDrive\Desktop\core1\backend\laravel\vendor\laravel\framework\src\Illuminate\Foundation\Application.php(1058): Illuminate\Container\Container->make('session.store', Array)
#8 C:\Users\johnnerrycamarig\OneDrive\Desktop\core1\backend\laravel\vendor\laravel\framework\src\Illuminate\Container\Container.php(1805): Illuminate\Foundation\Application->make('session.store')
#9 C:\Users\johnnerrycamarig\OneDrive\Desktop\core1\backend\laravel\vendor\laravel\framework\src\Illuminate\Routing\RoutingServiceProvider.php(121): Illuminate\Container\Container->offsetGet('session.store')
#10 C:\Users\johnnerrycamarig\OneDrive\Desktop\core1\backend\laravel\vendor\laravel\framework\src\Illuminate\Container\Container.php(1115): Illuminate\Routing\RoutingServiceProvider->{closure:Illuminate\Routing\RoutingServiceProvider::registerRedirector():114}(Object(Illuminate\Foundation\Application), Array)
#11 C:\Users\johnnerrycamarig\OneDrive\Desktop\core1\backend\laravel\vendor\laravel\framework\src\Illuminate\Container\Container.php(933): Illuminate\Container\Container->build(Object(Closure))
#12 C:\Users\johnnerrycamarig\OneDrive\Desktop\core1\backend\laravel\vendor\laravel\framework\src\Illuminate\Foundation\Application.php(1078): Illuminate\Container\Container->resolve('redirect', Array, true)
#13 C:\Users\johnnerrycamarig\OneDrive\Desktop\core1\backend\laravel\vendor\laravel\framework\src\Illuminate\Container\Container.php(864): Illuminate\Foundation\Application->resolve('redirect', Array)
#14 C:\Users\johnnerrycamarig\OneDrive\Desktop\core1\backend\laravel\vendor\laravel\framework\src\Illuminate\Foundation\Application.php(1058): Illuminate\Container\Container->make('redirect', Array)
#15 C:\Users\johnnerrycamarig\OneDrive\Desktop\core1\backend\laravel\vendor\laravel\framework\src\Illuminate\Container\Container.php(1805): Illuminate\Foundation\Application->make('redirect')
#16 C:\Users\johnnerrycamarig\OneDrive\Desktop\core1\backend\laravel\vendor\laravel\framework\src\Illuminate\Routing\RoutingServiceProvider.php(177): Illuminate\Container\Container->offsetGet('redirect')
#17 C:\Users\johnnerrycamarig\OneDrive\Desktop\core1\backend\laravel\vendor\laravel\framework\src\Illuminate\Container\Container.php(1115): Illuminate\Routing\RoutingServiceProvider->{closure:Illuminate\Routing\RoutingServiceProvider::registerResponseFactory():176}(Object(Illuminate\Foundation\Application), Array)
#18 C:\Users\johnnerrycamarig\OneDrive\Desktop\core1\backend\laravel\vendor\laravel\framework\src\Illuminate\Container\Container.php(933): Illuminate\Container\Container->build(Object(Closure))
#19 C:\Users\johnnerrycamarig\OneDrive\Desktop\core1\backend\laravel\vendor\laravel\framework\src\Illuminate\Foundation\Application.php(1078): Illuminate\Container\Container->resolve('Illuminate\\Cont...', Array, true)
#20 C:\Users\johnnerrycamarig\OneDrive\Desktop\core1\backend\laravel\vendor\laravel\framework\src\Illuminate\Container\Container.php(864): Illuminate\Foundation\Application->resolve('Illuminate\\Cont...', Array)
#21 C:\Users\johnnerrycamarig\OneDrive\Desktop\core1\backend\laravel\vendor\laravel\framework\src\Illuminate\Foundation\Application.php(1058): Illuminate\Container\Container->make('Illuminate\\Cont...', Array)
#22 C:\Users\johnnerrycamarig\OneDrive\Desktop\core1\backend\laravel\vendor\laravel\framework\src\Illuminate\Foundation\helpers.php(138): Illuminate\Foundation\Application->make('Illuminate\\Cont...', Array)
#23 C:\Users\johnnerrycamarig\OneDrive\Desktop\core1\backend\laravel\vendor\laravel\framework\src\Illuminate\Foundation\helpers.php(850): app('Illuminate\\Cont...')
#24 C:\Users\johnnerrycamarig\OneDrive\Desktop\core1\backend\laravel\vendor\laravel\framework\src\Illuminate\Foundation\Exceptions\Handler.php(987): response('<!-- Call to un...', 500, Array)
#25 C:\Users\johnnerrycamarig\OneDrive\Desktop\core1\backend\laravel\vendor\laravel\framework\src\Illuminate\Foundation\Exceptions\Handler.php(839): Illuminate\Foundation\Exceptions\Handler->toIlluminateResponse(Object(Symfony\Component\HttpFoundation\Response), Object(Error))
#26 C:\Users\johnnerrycamarig\OneDrive\Desktop\core1\backend\laravel\vendor\laravel\framework\src\Illuminate\Foundation\Exceptions\Handler.php(738): Illuminate\Foundation\Exceptions\Handler->prepareResponse(Object(Illuminate\Http\Request), Object(Error))
#27 C:\Users\johnnerrycamarig\OneDrive\Desktop\core1\backend\laravel\vendor\laravel\framework\src\Illuminate\Foundation\Exceptions\Handler.php(626): Illuminate\Foundation\Exceptions\Handler->renderExceptionResponse(Object(Illuminate\Http\Request), Object(Error))
#28 C:\Users\johnnerrycamarig\OneDrive\Desktop\core1\backend\laravel\vendor\laravel\framework\src\Illuminate\Foundation\Bootstrap\HandleExceptions.php(225): Illuminate\Foundation\Exceptions\Handler->render(Object(Illuminate\Http\Request), Object(Error))
#29 C:\Users\johnnerrycamarig\OneDrive\Desktop\core1\backend\laravel\vendor\laravel\framework\src\Illuminate\Foundation\Bootstrap\HandleExceptions.php(202): Illuminate\Foundation\Bootstrap\HandleExceptions->renderHttpResponse(Object(Error))
#30 C:\Users\johnnerrycamarig\OneDrive\Desktop\core1\backend\laravel\vendor\laravel\framework\src\Illuminate\Foundation\Bootstrap\HandleExceptions.php(262): Illuminate\Foundation\Bootstrap\HandleExceptions->handleException(Object(Error))
#31 [internal function]: Illuminate\Foundation\Bootstrap\HandleExceptions->{closure:Illuminate\Foundation\Bootstrap\HandleExceptions::forwardsTo():261}(Object(Error))
#32 {main}
  thrown {"exception":"[object] (Symfony\\Component\\ErrorHandler\\Error\\FatalError(code: 0): Uncaught Error: Call to undefined function Illuminate\\Support\\mb_split() in C:\\Users\\johnnerrycamarig\\OneDrive\\Desktop\\core1\\backend\\laravel\\vendor\\laravel\\framework\\src\\Illuminate\\Support\\Str.php:1722
Stack trace:
#0 C:\\Users\\johnnerrycamarig\\OneDrive\\Desktop\\core1\\backend\\laravel\\vendor\\laravel\\framework\\src\\Illuminate\\Support\\Manager.php(98): Illuminate\\Support\\Str::studly('file')
#1 C:\\Users\\johnnerrycamarig\\OneDrive\\Desktop\\core1\\backend\\laravel\\vendor\\laravel\\framework\\src\\Illuminate\\Support\\Manager.php(78): Illuminate\\Support\\Manager->createDriver('file')
#2 C:\\Users\\johnnerrycamarig\\OneDrive\\Desktop\\core1\\backend\\laravel\\vendor\\laravel\\framework\\src\\Illuminate\\Session\\SessionServiceProvider.php(52): Illuminate\\Support\\Manager->driver()
#3 C:\\Users\\johnnerrycamarig\\OneDrive\\Desktop\\core1\\backend\\laravel\\vendor\\laravel\\framework\\src\\Illuminate\\Container\\Container.php(1115): Illuminate\\Session\\SessionServiceProvider->{closure:Illuminate\\Session\\SessionServiceProvider::registerSessionDriver():48}(Object(Illuminate\\Foundation\\Application), Array)
#4 C:\\Users\\johnnerrycamarig\\OneDrive\\Desktop\\core1\\backend\\laravel\\vendor\\laravel\\framework\\src\\Illuminate\\Container\\Container.php(933): Illuminate\\Container\\Container->build(Object(Closure))
#5 C:\\Users\\johnnerrycamarig\\OneDrive\\Desktop\\core1\\backend\\laravel\\vendor\\laravel\\framework\\src\\Illuminate\\Foundation\\Application.php(1078): Illuminate\\Container\\Container->resolve('session.store', Array, true)
#6 C:\\Users\\johnnerrycamarig\\OneDrive\\Desktop\\core1\\backend\\laravel\\vendor\\laravel\\framework\\src\\Illuminate\\Container\\Container.php(864): Illuminate\\Foundation\\Application->resolve('session.store', Array)
#7 C:\\Users\\johnnerrycamarig\\OneDrive\\Desktop\\core1\\backend\\laravel\\vendor\\laravel\\framework\\src\\Illuminate\\Foundation\\Application.php(1058): Illuminate\\Container\\Container->make('session.store', Array)
#8 C:\\Users\\johnnerrycamarig\\OneDrive\\Desktop\\core1\\backend\\laravel\\vendor\\laravel\\framework\\src\\Illuminate\\Container\\Container.php(1805): Illuminate\\Foundation\\Application->make('session.store')
#9 C:\\Users\\johnnerrycamarig\\OneDrive\\Desktop\\core1\\backend\\laravel\\vendor\\laravel\\framework\\src\\Illuminate\\Routing\\RoutingServiceProvider.php(121): Illuminate\\Container\\Container->offsetGet('session.store')
#10 C:\\Users\\johnnerrycamarig\\OneDrive\\Desktop\\core1\\backend\\laravel\\vendor\\laravel\\framework\\src\\Illuminate\\Container\\Container.php(1115): Illuminate\\Routing\\RoutingServiceProvider->{closure:Illuminate\\Routing\\RoutingServiceProvider::registerRedirector():114}(Object(Illuminate\\Foundation\\Application), Array)
#11 C:\\Users\\johnnerrycamarig\\OneDrive\\Desktop\\core1\\backend\\laravel\\vendor\\laravel\\framework\\src\\Illuminate\\Container\\Container.php(933): Illuminate\\Container\\Container->build(Object(Closure))
#12 C:\\Users\\johnnerrycamarig\\OneDrive\\Desktop\\core1\\backend\\laravel\\vendor\\laravel\\framework\\src\\Illuminate\\Foundation\\Application.php(1078): Illuminate\\Container\\Container->resolve('redirect', Array, true)
#13 C:\\Users\\johnnerrycamarig\\OneDrive\\Desktop\\core1\\backend\\laravel\\vendor\\laravel\\framework\\src\\Illuminate\\Container\\Container.php(864): Illuminate\\Foundation\\Application->resolve('redirect', Array)
#14 C:\\Users\\johnnerrycamarig\\OneDrive\\Desktop\\core1\\backend\\laravel\\vendor\\laravel\\framework\\src\\Illuminate\\Foundation\\Application.php(1058): Illuminate\\Container\\Container->make('redirect', Array)
#15 C:\\Users\\johnnerrycamarig\\OneDrive\\Desktop\\core1\\backend\\laravel\\vendor\\laravel\\framework\\src\\Illuminate\\Container\\Container.php(1805): Illuminate\\Foundation\\Application->make('redirect')
#16 C:\\Users\\johnnerrycamarig\\OneDrive\\Desktop\\core1\\backend\\laravel\\vendor\\laravel\\framework\\src\\Illuminate\\Routing\\RoutingServiceProvider.php(177): Illuminate\\Container\\Container->offsetGet('redirect')
#17 C:\\Users\\johnnerrycamarig\\OneDrive\\Desktop\\core1\\backend\\laravel\\vendor\\laravel\\framework\\src\\Illuminate\\Container\\Container.php(1115): Illuminate\\Routing\\RoutingServiceProvider->{closure:Illuminate\\Routing\\RoutingServiceProvider::registerResponseFactory():176}(Object(Illuminate\\Foundation\\Application), Array)
#18 C:\\Users\\johnnerrycamarig\\OneDrive\\Desktop\\core1\\backend\\laravel\\vendor\\laravel\\framework\\src\\Illuminate\\Container\\Container.php(933): Illuminate\\Container\\Container->build(Object(Closure))
#19 C:\\Users\\johnnerrycamarig\\OneDrive\\Desktop\\core1\\backend\\laravel\\vendor\\laravel\\framework\\src\\Illuminate\\Foundation\\Application.php(1078): Illuminate\\Container\\Container->resolve('Illuminate\\\\Cont...', Array, true)
#20 C:\\Users\\johnnerrycamarig\\OneDrive\\Desktop\\core1\\backend\\laravel\\vendor\\laravel\\framework\\src\\Illuminate\\Container\\Container.php(864): Illuminate\\Foundation\\Application->resolve('Illuminate\\\\Cont...', Array)
#21 C:\\Users\\johnnerrycamarig\\OneDrive\\Desktop\\core1\\backend\\laravel\\vendor\\laravel\\framework\\src\\Illuminate\\Foundation\\Application.php(1058): Illuminate\\Container\\Container->make('Illuminate\\\\Cont...', Array)
#22 C:\\Users\\johnnerrycamarig\\OneDrive\\Desktop\\core1\\backend\\laravel\\vendor\\laravel\\framework\\src\\Illuminate\\Foundation\\helpers.php(138): Illuminate\\Foundation\\Application->make('Illuminate\\\\Cont...', Array)
#23 C:\\Users\\johnnerrycamarig\\OneDrive\\Desktop\\core1\\backend\\laravel\\vendor\\laravel\\framework\\src\\Illuminate\\Foundation\\helpers.php(850): app('Illuminate\\\\Cont...')
#24 C:\\Users\\johnnerrycamarig\\OneDrive\\Desktop\\core1\\backend\\laravel\\vendor\\laravel\\framework\\src\\Illuminate\\Foundation\\Exceptions\\Handler.php(987): response('<!-- Call to un...', 500, Array)
#25 C:\\Users\\johnnerrycamarig\\OneDrive\\Desktop\\core1\\backend\\laravel\\vendor\\laravel\\framework\\src\\Illuminate\\Foundation\\Exceptions\\Handler.php(839): Illuminate\\Foundation\\Exceptions\\Handler->toIlluminateResponse(Object(Symfony\\Component\\HttpFoundation\\Response), Object(Error))
#26 C:\\Users\\johnnerrycamarig\\OneDrive\\Desktop\\core1\\backend\\laravel\\vendor\\laravel\\framework\\src\\Illuminate\\Foundation\\Exceptions\\Handler.php(738): Illuminate\\Foundation\\Exceptions\\Handler->prepareResponse(Object(Illuminate\\Http\\Request), Object(Error))
#27 C:\\Users\\johnnerrycamarig\\OneDrive\\Desktop\\core1\\backend\\laravel\\vendor\\laravel\\framework\\src\\Illuminate\\Foundation\\Exceptions\\Handler.php(626): Illuminate\\Foundation\\Exceptions\\Handler->renderExceptionResponse(Object(Illuminate\\Http\\Request), Object(Error))
#28 C:\\Users\\johnnerrycamarig\\OneDrive\\Desktop\\core1\\backend\\laravel\\vendor\\laravel\\framework\\src\\Illuminate\\Foundation\\Bootstrap\\HandleExceptions.php(225): Illuminate\\Foundation\\Exceptions\\Handler->render(Object(Illuminate\\Http\\Request), Object(Error))
#29 C:\\Users\\johnnerrycamarig\\OneDrive\\Desktop\\core1\\backend\\laravel\\vendor\\laravel\\framework\\src\\Illuminate\\Foundation\\Bootstrap\\HandleExceptions.php(202): Illuminate\\Foundation\\Bootstrap\\HandleExceptions->renderHttpResponse(Object(Error))
#30 C:\\Users\\johnnerrycamarig\\OneDrive\\Desktop\\core1\\backend\\laravel\\vendor\\laravel\\framework\\src\\Illuminate\\Foundation\\Bootstrap\\HandleExceptions.php(262): Illuminate\\Foundation\\Bootstrap\\HandleExceptions->handleException(Object(Error))
#31 [internal function]: Illuminate\\Foundation\\Bootstrap\\HandleExceptions->{closure:Illuminate\\Foundation\\Bootstrap\\HandleExceptions::forwardsTo():261}(Object(Error))
#32 {main}
  thrown at C:/Users/johnnerrycamarig/OneDrive/Desktop/core1/backend/laravel/vendor/laravel/framework/src/Illuminate/Support/Str.php:1722)
[stacktrace]
#0 {main}
"} 
